2023-06-12 18:12:17,358 [http-bio-8060-exec-16] ERROR StackTrace  - Full Stack Trace:
java.lang.RuntimeException: Error initializing GroovyPageView
	at org.codehaus.groovy.grails.web.servlet.view.GroovyPageViewResolver.createGroovyPageView(GroovyPageViewResolver.java:210)
	at org.codehaus.groovy.grails.web.servlet.view.GroovyPageViewResolver.createGrailsView(GroovyPageViewResolver.java:191)
	at org.codehaus.groovy.grails.web.servlet.view.GroovyPageViewResolver.loadView(GroovyPageViewResolver.java:96)
	at org.springframework.web.servlet.view.AbstractCachingViewResolver.createView(AbstractCachingViewResolver.java:244)
	at org.springframework.web.servlet.view.UrlBasedViewResolver.createView(UrlBasedViewResolver.java:411)
	at org.springframework.web.servlet.view.AbstractCachingViewResolver.resolveViewName(AbstractCachingViewResolver.java:146)
	at org.codehaus.groovy.grails.web.servlet.view.GroovyPageViewResolver.resolveViewName(GroovyPageViewResolver.java:85)
	at org.codehaus.groovy.grails.web.servlet.view.GrailsLayoutViewResolver.resolveViewName(GrailsLayoutViewResolver.java:50)
	at org.springframework.web.servlet.DispatcherServlet.resolveViewName(DispatcherServlet.java:1260)
	at org.springframework.web.servlet.DispatcherServlet.render(DispatcherServlet.java:1201)
	at org.codehaus.groovy.grails.web.servlet.GrailsDispatcherServlet.doDispatch(GrailsDispatcherServlet.java:391)
	at org.springframework.web.servlet.DispatcherServlet.doService(DispatcherServlet.java:870)
	at org.springframework.web.servlet.FrameworkServlet.processRequest(FrameworkServlet.java:961)
	at org.springframework.web.servlet.FrameworkServlet.doGet(FrameworkServlet.java:852)
	at javax.servlet.http.HttpServlet.service(HttpServlet.java:620)
	at org.springframework.web.servlet.FrameworkServlet.service(FrameworkServlet.java:837)
	at javax.servlet.http.HttpServlet.service(HttpServlet.java:727)
	at org.apache.catalina.core.ApplicationFilterChain.internalDoFilter(ApplicationFilterChain.java:303)
	at org.apache.catalina.core.ApplicationFilterChain.doFilter(ApplicationFilterChain.java:208)
	at org.apache.tomcat.websocket.server.WsFilter.doFilter(WsFilter.java:52)
	at org.apache.catalina.core.ApplicationFilterChain.internalDoFilter(ApplicationFilterChain.java:241)
	at org.apache.catalina.core.ApplicationFilterChain.doFilter(ApplicationFilterChain.java:208)
	at grails.plugin.cache.web.filter.PageFragmentCachingFilter.doFilter(PageFragmentCachingFilter.java:198)
	at grails.plugin.cache.web.filter.AbstractFilter.doFilter(AbstractFilter.java:63)
	at org.springframework.web.filter.DelegatingFilterProxy.invokeDelegate(DelegatingFilterProxy.java:344)
	at org.springframework.web.filter.DelegatingFilterProxy.doFilter(DelegatingFilterProxy.java:261)
	at org.apache.catalina.core.ApplicationFilterChain.internalDoFilter(ApplicationFilterChain.java:241)
	at org.apache.catalina.core.ApplicationFilterChain.doFilter(ApplicationFilterChain.java:208)
	at org.springframework.web.filter.OncePerRequestFilter.doFilter(OncePerRequestFilter.java:101)
	at org.apache.catalina.core.ApplicationFilterChain.internalDoFilter(ApplicationFilterChain.java:241)
	at org.apache.catalina.core.ApplicationFilterChain.doFilter(ApplicationFilterChain.java:208)
	at org.springframework.web.filter.OncePerRequestFilter.doFilter(OncePerRequestFilter.java:101)
	at org.apache.catalina.core.ApplicationFilterChain.internalDoFilter(ApplicationFilterChain.java:241)
	at org.apache.catalina.core.ApplicationFilterChain.doFilter(ApplicationFilterChain.java:208)
	at org.springframework.web.filter.OncePerRequestFilter.doFilter(OncePerRequestFilter.java:101)
	at org.apache.catalina.core.ApplicationFilterChain.internalDoFilter(ApplicationFilterChain.java:241)
	at org.apache.catalina.core.ApplicationFilterChain.doFilter(ApplicationFilterChain.java:208)
	at org.apache.catalina.core.ApplicationDispatcher.invoke(ApplicationDispatcher.java:748)
	at org.apache.catalina.core.ApplicationDispatcher.processRequest(ApplicationDispatcher.java:486)
	at org.apache.catalina.core.ApplicationDispatcher.doForward(ApplicationDispatcher.java:411)
	at org.apache.catalina.core.ApplicationDispatcher.forward(ApplicationDispatcher.java:338)
	at org.codehaus.groovy.grails.web.mapping.UrlMappingUtils.forwardRequestForUrlMappingInfo(UrlMappingUtils.java:178)
	at org.codehaus.groovy.grails.web.mapping.UrlMappingUtils.forwardRequestForUrlMappingInfo(UrlMappingUtils.java:144)
	at org.codehaus.groovy.grails.web.mapping.UrlMappingUtils.forwardRequestForUrlMappingInfo(UrlMappingUtils.java:135)
	at org.codehaus.groovy.grails.web.mapping.filter.UrlMappingsFilter.doFilterInternal(UrlMappingsFilter.java:216)
	at org.springframework.web.filter.OncePerRequestFilter.doFilter(OncePerRequestFilter.java:107)
	at org.apache.catalina.core.ApplicationFilterChain.internalDoFilter(ApplicationFilterChain.java:241)
	at org.apache.catalina.core.ApplicationFilterChain.doFilter(ApplicationFilterChain.java:208)
	at org.springframework.security.web.FilterChainProxy$VirtualFilterChain.doFilter(FilterChainProxy.java:330)
	at org.springframework.security.web.access.intercept.FilterSecurityInterceptor.invoke(FilterSecurityInterceptor.java:118)
	at org.springframework.security.web.access.intercept.FilterSecurityInterceptor.doFilter(FilterSecurityInterceptor.java:84)
	at org.springframework.security.web.FilterChainProxy$VirtualFilterChain.doFilter(FilterChainProxy.java:342)
	at org.springframework.security.web.access.ExceptionTranslationFilter.doFilter(ExceptionTranslationFilter.java:113)
	at org.springframework.security.web.FilterChainProxy$VirtualFilterChain.doFilter(FilterChainProxy.java:342)
	at grails.plugin.springsecurity.web.filter.GrailsAnonymousAuthenticationFilter.doFilter(GrailsAnonymousAuthenticationFilter.java:53)
	at org.springframework.security.web.FilterChainProxy$VirtualFilterChain.doFilter(FilterChainProxy.java:342)
	at org.springframework.security.web.authentication.rememberme.RememberMeAuthenticationFilter.doFilter(RememberMeAuthenticationFilter.java:139)
	at org.springframework.security.web.FilterChainProxy$VirtualFilterChain.doFilter(FilterChainProxy.java:342)
	at org.springframework.security.web.servletapi.SecurityContextHolderAwareRequestFilter.doFilter(SecurityContextHolderAwareRequestFilter.java:154)
	at org.springframework.security.web.FilterChainProxy$VirtualFilterChain.doFilter(FilterChainProxy.java:342)
	at org.springframework.security.web.authentication.AbstractAuthenticationProcessingFilter.doFilter(AbstractAuthenticationProcessingFilter.java:199)
	at grails.plugin.springsecurity.web.authentication.RequestHolderAuthenticationFilter.doFilter(RequestHolderAuthenticationFilter.java:53)
	at org.springframework.security.web.FilterChainProxy$VirtualFilterChain.doFilter(FilterChainProxy.java:342)
	at grails.plugin.springsecurity.web.authentication.logout.MutableLogoutFilter.doFilter(MutableLogoutFilter.java:62)
	at org.springframework.security.web.FilterChainProxy$VirtualFilterChain.doFilter(FilterChainProxy.java:342)
	at org.springframework.security.web.context.SecurityContextPersistenceFilter.doFilter(SecurityContextPersistenceFilter.java:87)
	at org.springframework.security.web.FilterChainProxy$VirtualFilterChain.doFilter(FilterChainProxy.java:342)
	at org.springframework.security.web.FilterChainProxy.doFilterInternal(FilterChainProxy.java:192)
	at org.springframework.security.web.FilterChainProxy.doFilter(FilterChainProxy.java:160)
	at org.springframework.web.filter.DelegatingFilterProxy.invokeDelegate(DelegatingFilterProxy.java:344)
	at org.springframework.web.filter.DelegatingFilterProxy.doFilter(DelegatingFilterProxy.java:261)
	at org.apache.catalina.core.ApplicationFilterChain.internalDoFilter(ApplicationFilterChain.java:241)
	at org.apache.catalina.core.ApplicationFilterChain.doFilter(ApplicationFilterChain.java:208)
	at org.codehaus.groovy.grails.web.servlet.mvc.GrailsWebRequestFilter.doFilterInternal(GrailsWebRequestFilter.java:69)
	at org.springframework.web.filter.OncePerRequestFilter.doFilter(OncePerRequestFilter.java:107)
	at org.apache.catalina.core.ApplicationFilterChain.internalDoFilter(ApplicationFilterChain.java:241)
	at org.apache.catalina.core.ApplicationFilterChain.doFilter(ApplicationFilterChain.java:208)
	at org.codehaus.groovy.grails.web.filters.HiddenHttpMethodFilter.doFilterInternal(HiddenHttpMethodFilter.java:67)
	at org.springframework.web.filter.OncePerRequestFilter.doFilter(OncePerRequestFilter.java:107)
	at org.apache.catalina.core.ApplicationFilterChain.internalDoFilter(ApplicationFilterChain.java:241)
	at org.apache.catalina.core.ApplicationFilterChain.doFilter(ApplicationFilterChain.java:208)
	at org.springframework.web.filter.CharacterEncodingFilter.doFilterInternal(CharacterEncodingFilter.java:88)
	at org.springframework.web.filter.OncePerRequestFilter.doFilter(OncePerRequestFilter.java:107)
	at org.springframework.web.filter.DelegatingFilterProxy.invokeDelegate(DelegatingFilterProxy.java:344)
	at org.springframework.web.filter.DelegatingFilterProxy.doFilter(DelegatingFilterProxy.java:261)
	at org.apache.catalina.core.ApplicationFilterChain.internalDoFilter(ApplicationFilterChain.java:241)
	at org.apache.catalina.core.ApplicationFilterChain.doFilter(ApplicationFilterChain.java:208)
	at org.apache.catalina.core.StandardWrapperValve.invoke(StandardWrapperValve.java:220)
	at org.apache.catalina.core.StandardContextValve.invoke(StandardContextValve.java:122)
	at org.apache.catalina.core.StandardHostValve.invoke(StandardHostValve.java:171)
	at org.apache.catalina.valves.ErrorReportValve.invoke(ErrorReportValve.java:103)
	at org.apache.catalina.core.StandardEngineValve.invoke(StandardEngineValve.java:116)
	at org.apache.catalina.connector.CoyoteAdapter.service(CoyoteAdapter.java:408)
	at org.apache.coyote.http11.AbstractHttp11Processor.process(AbstractHttp11Processor.java:1070)
	at org.apache.coyote.AbstractProtocol$AbstractConnectionHandler.process(AbstractProtocol.java:611)
	at org.apache.tomcat.util.net.JIoEndpoint$SocketProcessor.run(JIoEndpoint.java:314)
	at java.util.concurrent.ThreadPoolExecutor.runWorker(ThreadPoolExecutor.java:1142)
	at java.util.concurrent.ThreadPoolExecutor$Worker.run(ThreadPoolExecutor.java:617)
	at org.apache.tomcat.util.threads.TaskThread$WrappingRunnable.run(TaskThread.java:61)
	at java.lang.Thread.run(Thread.java:748)
Caused by: org.codehaus.groovy.grails.web.taglib.exceptions.GrailsTagException: Expecting '=' after attribute name (name="create" class="save" value="${message(code: 'default.button.Generate Certificate.label', default: 'Generate Certificate')}"button type="submit" class="btn btn-dark" style="background-color: orangered;font-size: large;font-weight:bold;display: flex;margin: auto;" onclick="alert("hello)").
	at org.codehaus.groovy.grails.web.pages.GroovyPageParser.populateMapWithAttributes(GroovyPageParser.java:1210)
	at org.codehaus.groovy.grails.web.pages.GroovyPageParser.startTag(GroovyPageParser.java:1092)
	at org.codehaus.groovy.grails.web.pages.GroovyPageParser.page(GroovyPageParser.java:844)
	at org.codehaus.groovy.grails.web.pages.GroovyPageParser.generateGsp(GroovyPageParser.java:406)
	at org.codehaus.groovy.grails.web.pages.GroovyPageParser.parse(GroovyPageParser.java:362)
	at org.codehaus.groovy.grails.web.pages.GroovyPagesTemplateEngine.buildPageMetaInfo(GroovyPagesTemplateEngine.java:574)
	at org.codehaus.groovy.grails.web.pages.GroovyPagesTemplateEngine.buildPageMetaInfo(GroovyPagesTemplateEngine.java:479)
	at org.codehaus.groovy.grails.web.pages.GroovyPagesTemplateEngine$GroovyPagesTemplateEngineCacheEntry.updateValue(GroovyPagesTemplateEngine.java:153)
	at org.codehaus.groovy.grails.web.pages.GroovyPagesTemplateEngine$GroovyPagesTemplateEngineCacheEntry.updateValue(GroovyPagesTemplateEngine.java:132)
	at grails.util.CacheEntry.getValue(CacheEntry.java:144)
	at grails.util.CacheEntry.getValue(CacheEntry.java:84)
	at org.codehaus.groovy.grails.web.pages.GroovyPagesTemplateEngine.createTemplate(GroovyPagesTemplateEngine.java:302)
	at org.codehaus.groovy.grails.web.pages.GroovyPagesTemplateEngine.createTemplate(GroovyPagesTemplateEngine.java:292)
	at org.codehaus.groovy.grails.web.pages.GroovyPagesTemplateEngine.createTemplate(GroovyPagesTemplateEngine.java:394)
	at org.codehaus.groovy.grails.web.pages.GroovyPagesTemplateEngine.createTemplateForUri(GroovyPagesTemplateEngine.java:366)
	at org.codehaus.groovy.grails.web.pages.GroovyPagesTemplateEngine.createTemplateForUri(GroovyPagesTemplateEngine.java:359)
	at org.codehaus.groovy.grails.web.pages.GroovyPagesTemplateEngine.createTemplate(GroovyPagesTemplateEngine.java:330)
	at org.codehaus.groovy.grails.web.servlet.view.GroovyPageView.createGroovyPageException(GroovyPageView.java:108)
	at org.codehaus.groovy.grails.web.servlet.view.GroovyPageView.handleException(GroovyPageView.java:104)
	at org.codehaus.groovy.grails.web.servlet.view.GroovyPageView.afterPropertiesSet(GroovyPageView.java:161)
	at org.codehaus.groovy.grails.web.servlet.view.GroovyPageViewResolver.createGroovyPageView(GroovyPageViewResolver.java:208)
	... 99 more
2023-06-12 18:12:17,381 [http-bio-8060-exec-16] ERROR StackTrace  - Full Stack Trace:
org.codehaus.groovy.grails.web.taglib.exceptions.GrailsTagException: Expecting '=' after attribute name (name="create" class="save" value="${message(code: 'default.button.Generate Certificate.label', default: 'Generate Certificate')}"button type="submit" class="btn btn-dark" style="background-color: orangered;font-size: large;font-weight:bold;display: flex;margin: auto;" onclick="alert("hello)").
	at org.codehaus.groovy.grails.web.pages.GroovyPageParser.populateMapWithAttributes(GroovyPageParser.java:1210)
	at org.codehaus.groovy.grails.web.pages.GroovyPageParser.startTag(GroovyPageParser.java:1092)
	at org.codehaus.groovy.grails.web.pages.GroovyPageParser.page(GroovyPageParser.java:844)
	at org.codehaus.groovy.grails.web.pages.GroovyPageParser.generateGsp(GroovyPageParser.java:406)
	at org.codehaus.groovy.grails.web.pages.GroovyPageParser.parse(GroovyPageParser.java:362)
	at org.codehaus.groovy.grails.web.pages.GroovyPagesTemplateEngine.buildPageMetaInfo(GroovyPagesTemplateEngine.java:574)
	at org.codehaus.groovy.grails.web.pages.GroovyPagesTemplateEngine.buildPageMetaInfo(GroovyPagesTemplateEngine.java:479)
	at org.codehaus.groovy.grails.web.pages.GroovyPagesTemplateEngine$GroovyPagesTemplateEngineCacheEntry.updateValue(GroovyPagesTemplateEngine.java:153)
	at org.codehaus.groovy.grails.web.pages.GroovyPagesTemplateEngine$GroovyPagesTemplateEngineCacheEntry.updateValue(GroovyPagesTemplateEngine.java:132)
	at grails.util.CacheEntry.getValue(CacheEntry.java:144)
	at grails.util.CacheEntry.getValue(CacheEntry.java:84)
	at org.codehaus.groovy.grails.web.pages.GroovyPagesTemplateEngine.createTemplate(GroovyPagesTemplateEngine.java:302)
	at org.codehaus.groovy.grails.web.pages.GroovyPagesTemplateEngine.createTemplate(GroovyPagesTemplateEngine.java:292)
	at org.codehaus.groovy.grails.web.pages.GroovyPagesTemplateEngine.createTemplate(GroovyPagesTemplateEngine.java:394)
	at org.codehaus.groovy.grails.web.pages.GroovyPagesTemplateEngine.createTemplateForUri(GroovyPagesTemplateEngine.java:366)
	at org.codehaus.groovy.grails.web.pages.GroovyPagesTemplateEngine.createTemplateForUri(GroovyPagesTemplateEngine.java:359)
	at org.codehaus.groovy.grails.web.pages.GroovyPagesTemplateEngine.createTemplate(GroovyPagesTemplateEngine.java:330)
	at org.codehaus.groovy.grails.web.servlet.view.GroovyPageView.createGroovyPageException(GroovyPageView.java:108)
	at org.codehaus.groovy.grails.web.servlet.view.GroovyPageView.handleException(GroovyPageView.java:104)
	at org.codehaus.groovy.grails.web.servlet.view.GroovyPageView.afterPropertiesSet(GroovyPageView.java:161)
	at org.codehaus.groovy.grails.web.servlet.view.GroovyPageViewResolver.createGroovyPageView(GroovyPageViewResolver.java:208)
	at org.codehaus.groovy.grails.web.servlet.view.GroovyPageViewResolver.createGrailsView(GroovyPageViewResolver.java:191)
	at org.codehaus.groovy.grails.web.servlet.view.GroovyPageViewResolver.loadView(GroovyPageViewResolver.java:96)
	at org.springframework.web.servlet.view.AbstractCachingViewResolver.createView(AbstractCachingViewResolver.java:244)
	at org.springframework.web.servlet.view.UrlBasedViewResolver.createView(UrlBasedViewResolver.java:411)
	at org.springframework.web.servlet.view.AbstractCachingViewResolver.resolveViewName(AbstractCachingViewResolver.java:146)
	at org.codehaus.groovy.grails.web.servlet.view.GroovyPageViewResolver.resolveViewName(GroovyPageViewResolver.java:85)
	at org.codehaus.groovy.grails.web.servlet.view.GrailsLayoutViewResolver.resolveViewName(GrailsLayoutViewResolver.java:50)
	at org.springframework.web.servlet.DispatcherServlet.resolveViewName(DispatcherServlet.java:1260)
	at org.springframework.web.servlet.DispatcherServlet.render(DispatcherServlet.java:1201)
	at org.codehaus.groovy.grails.web.servlet.GrailsDispatcherServlet.doDispatch(GrailsDispatcherServlet.java:391)
	at org.springframework.web.servlet.DispatcherServlet.doService(DispatcherServlet.java:870)
	at org.springframework.web.servlet.FrameworkServlet.processRequest(FrameworkServlet.java:961)
	at org.springframework.web.servlet.FrameworkServlet.doGet(FrameworkServlet.java:852)
	at javax.servlet.http.HttpServlet.service(HttpServlet.java:620)
	at org.springframework.web.servlet.FrameworkServlet.service(FrameworkServlet.java:837)
	at javax.servlet.http.HttpServlet.service(HttpServlet.java:727)
	at org.apache.catalina.core.ApplicationFilterChain.internalDoFilter(ApplicationFilterChain.java:303)
	at org.apache.catalina.core.ApplicationFilterChain.doFilter(ApplicationFilterChain.java:208)
	at org.apache.tomcat.websocket.server.WsFilter.doFilter(WsFilter.java:52)
	at org.apache.catalina.core.ApplicationFilterChain.internalDoFilter(ApplicationFilterChain.java:241)
	at org.apache.catalina.core.ApplicationFilterChain.doFilter(ApplicationFilterChain.java:208)
	at grails.plugin.cache.web.filter.PageFragmentCachingFilter.doFilter(PageFragmentCachingFilter.java:198)
	at grails.plugin.cache.web.filter.AbstractFilter.doFilter(AbstractFilter.java:63)
	at org.springframework.web.filter.DelegatingFilterProxy.invokeDelegate(DelegatingFilterProxy.java:344)
	at org.springframework.web.filter.DelegatingFilterProxy.doFilter(DelegatingFilterProxy.java:261)
	at org.apache.catalina.core.ApplicationFilterChain.internalDoFilter(ApplicationFilterChain.java:241)
	at org.apache.catalina.core.ApplicationFilterChain.doFilter(ApplicationFilterChain.java:208)
	at org.springframework.web.filter.OncePerRequestFilter.doFilter(OncePerRequestFilter.java:101)
	at org.apache.catalina.core.ApplicationFilterChain.internalDoFilter(ApplicationFilterChain.java:241)
	at org.apache.catalina.core.ApplicationFilterChain.doFilter(ApplicationFilterChain.java:208)
	at org.springframework.web.filter.OncePerRequestFilter.doFilter(OncePerRequestFilter.java:101)
	at org.apache.catalina.core.ApplicationFilterChain.internalDoFilter(ApplicationFilterChain.java:241)
	at org.apache.catalina.core.ApplicationFilterChain.doFilter(ApplicationFilterChain.java:208)
	at org.springframework.web.filter.OncePerRequestFilter.doFilter(OncePerRequestFilter.java:101)
	at org.apache.catalina.core.ApplicationFilterChain.internalDoFilter(ApplicationFilterChain.java:241)
	at org.apache.catalina.core.ApplicationFilterChain.doFilter(ApplicationFilterChain.java:208)
	at org.apache.catalina.core.ApplicationDispatcher.invoke(ApplicationDispatcher.java:748)
	at org.apache.catalina.core.ApplicationDispatcher.processRequest(ApplicationDispatcher.java:486)
	at org.apache.catalina.core.ApplicationDispatcher.doForward(ApplicationDispatcher.java:411)
	at org.apache.catalina.core.ApplicationDispatcher.forward(ApplicationDispatcher.java:338)
	at org.codehaus.groovy.grails.web.mapping.UrlMappingUtils.forwardRequestForUrlMappingInfo(UrlMappingUtils.java:178)
	at org.codehaus.groovy.grails.web.mapping.UrlMappingUtils.forwardRequestForUrlMappingInfo(UrlMappingUtils.java:144)
	at org.codehaus.groovy.grails.web.mapping.UrlMappingUtils.forwardRequestForUrlMappingInfo(UrlMappingUtils.java:135)
	at org.codehaus.groovy.grails.web.mapping.filter.UrlMappingsFilter.doFilterInternal(UrlMappingsFilter.java:216)
	at org.springframework.web.filter.OncePerRequestFilter.doFilter(OncePerRequestFilter.java:107)
	at org.apache.catalina.core.ApplicationFilterChain.internalDoFilter(ApplicationFilterChain.java:241)
	at org.apache.catalina.core.ApplicationFilterChain.doFilter(ApplicationFilterChain.java:208)
	at org.springframework.security.web.FilterChainProxy$VirtualFilterChain.doFilter(FilterChainProxy.java:330)
	at org.springframework.security.web.access.intercept.FilterSecurityInterceptor.invoke(FilterSecurityInterceptor.java:118)
	at org.springframework.security.web.access.intercept.FilterSecurityInterceptor.doFilter(FilterSecurityInterceptor.java:84)
	at org.springframework.security.web.FilterChainProxy$VirtualFilterChain.doFilter(FilterChainProxy.java:342)
	at org.springframework.security.web.access.ExceptionTranslationFilter.doFilter(ExceptionTranslationFilter.java:113)
	at org.springframework.security.web.FilterChainProxy$VirtualFilterChain.doFilter(FilterChainProxy.java:342)
	at grails.plugin.springsecurity.web.filter.GrailsAnonymousAuthenticationFilter.doFilter(GrailsAnonymousAuthenticationFilter.java:53)
	at org.springframework.security.web.FilterChainProxy$VirtualFilterChain.doFilter(FilterChainProxy.java:342)
	at org.springframework.security.web.authentication.rememberme.RememberMeAuthenticationFilter.doFilter(RememberMeAuthenticationFilter.java:139)
	at org.springframework.security.web.FilterChainProxy$VirtualFilterChain.doFilter(FilterChainProxy.java:342)
	at org.springframework.security.web.servletapi.SecurityContextHolderAwareRequestFilter.doFilter(SecurityContextHolderAwareRequestFilter.java:154)
	at org.springframework.security.web.FilterChainProxy$VirtualFilterChain.doFilter(FilterChainProxy.java:342)
	at org.springframework.security.web.authentication.AbstractAuthenticationProcessingFilter.doFilter(AbstractAuthenticationProcessingFilter.java:199)
	at grails.plugin.springsecurity.web.authentication.RequestHolderAuthenticationFilter.doFilter(RequestHolderAuthenticationFilter.java:53)
	at org.springframework.security.web.FilterChainProxy$VirtualFilterChain.doFilter(FilterChainProxy.java:342)
	at grails.plugin.springsecurity.web.authentication.logout.MutableLogoutFilter.doFilter(MutableLogoutFilter.java:62)
	at org.springframework.security.web.FilterChainProxy$VirtualFilterChain.doFilter(FilterChainProxy.java:342)
	at org.springframework.security.web.context.SecurityContextPersistenceFilter.doFilter(SecurityContextPersistenceFilter.java:87)
	at org.springframework.security.web.FilterChainProxy$VirtualFilterChain.doFilter(FilterChainProxy.java:342)
	at org.springframework.security.web.FilterChainProxy.doFilterInternal(FilterChainProxy.java:192)
	at org.springframework.security.web.FilterChainProxy.doFilter(FilterChainProxy.java:160)
	at org.springframework.web.filter.DelegatingFilterProxy.invokeDelegate(DelegatingFilterProxy.java:344)
	at org.springframework.web.filter.DelegatingFilterProxy.doFilter(DelegatingFilterProxy.java:261)
	at org.apache.catalina.core.ApplicationFilterChain.internalDoFilter(ApplicationFilterChain.java:241)
	at org.apache.catalina.core.ApplicationFilterChain.doFilter(ApplicationFilterChain.java:208)
	at org.codehaus.groovy.grails.web.servlet.mvc.GrailsWebRequestFilter.doFilterInternal(GrailsWebRequestFilter.java:69)
	at org.springframework.web.filter.OncePerRequestFilter.doFilter(OncePerRequestFilter.java:107)
	at org.apache.catalina.core.ApplicationFilterChain.internalDoFilter(ApplicationFilterChain.java:241)
	at org.apache.catalina.core.ApplicationFilterChain.doFilter(ApplicationFilterChain.java:208)
	at org.codehaus.groovy.grails.web.filters.HiddenHttpMethodFilter.doFilterInternal(HiddenHttpMethodFilter.java:67)
	at org.springframework.web.filter.OncePerRequestFilter.doFilter(OncePerRequestFilter.java:107)
	at org.apache.catalina.core.ApplicationFilterChain.internalDoFilter(ApplicationFilterChain.java:241)
	at org.apache.catalina.core.ApplicationFilterChain.doFilter(ApplicationFilterChain.java:208)
	at org.springframework.web.filter.CharacterEncodingFilter.doFilterInternal(CharacterEncodingFilter.java:88)
	at org.springframework.web.filter.OncePerRequestFilter.doFilter(OncePerRequestFilter.java:107)
	at org.springframework.web.filter.DelegatingFilterProxy.invokeDelegate(DelegatingFilterProxy.java:344)
	at org.springframework.web.filter.DelegatingFilterProxy.doFilter(DelegatingFilterProxy.java:261)
	at org.apache.catalina.core.ApplicationFilterChain.internalDoFilter(ApplicationFilterChain.java:241)
	at org.apache.catalina.core.ApplicationFilterChain.doFilter(ApplicationFilterChain.java:208)
	at org.apache.catalina.core.StandardWrapperValve.invoke(StandardWrapperValve.java:220)
	at org.apache.catalina.core.StandardContextValve.invoke(StandardContextValve.java:122)
	at org.apache.catalina.core.StandardHostValve.invoke(StandardHostValve.java:171)
	at org.apache.catalina.valves.ErrorReportValve.invoke(ErrorReportValve.java:103)
	at org.apache.catalina.core.StandardEngineValve.invoke(StandardEngineValve.java:116)
	at org.apache.catalina.connector.CoyoteAdapter.service(CoyoteAdapter.java:408)
	at org.apache.coyote.http11.AbstractHttp11Processor.process(AbstractHttp11Processor.java:1070)
	at org.apache.coyote.AbstractProtocol$AbstractConnectionHandler.process(AbstractProtocol.java:611)
	at org.apache.tomcat.util.net.JIoEndpoint$SocketProcessor.run(JIoEndpoint.java:314)
	at java.util.concurrent.ThreadPoolExecutor.runWorker(ThreadPoolExecutor.java:1142)
	at java.util.concurrent.ThreadPoolExecutor$Worker.run(ThreadPoolExecutor.java:617)
	at org.apache.tomcat.util.threads.TaskThread$WrappingRunnable.run(TaskThread.java:61)
	at java.lang.Thread.run(Thread.java:748)
2023-06-12 18:12:17,384 [http-bio-8060-exec-16] ERROR StackTrace  - Full Stack Trace:
java.lang.RuntimeException: Error initializing GroovyPageView
	at grails.plugin.cache.web.filter.PageFragmentCachingFilter.doFilter(PageFragmentCachingFilter.java:198)
	at grails.plugin.cache.web.filter.AbstractFilter.doFilter(AbstractFilter.java:63)
	at grails.plugin.springsecurity.web.filter.GrailsAnonymousAuthenticationFilter.doFilter(GrailsAnonymousAuthenticationFilter.java:53)
	at grails.plugin.springsecurity.web.authentication.RequestHolderAuthenticationFilter.doFilter(RequestHolderAuthenticationFilter.java:53)
	at grails.plugin.springsecurity.web.authentication.logout.MutableLogoutFilter.doFilter(MutableLogoutFilter.java:62)
	at java.util.concurrent.ThreadPoolExecutor.runWorker(ThreadPoolExecutor.java:1142)
	at java.util.concurrent.ThreadPoolExecutor$Worker.run(ThreadPoolExecutor.java:617)
	at java.lang.Thread.run(Thread.java:748)
Caused by: org.codehaus.groovy.grails.web.taglib.exceptions.GrailsTagException: Expecting '=' after attribute name (name="create" class="save" value="${message(code: 'default.button.Generate Certificate.label', default: 'Generate Certificate')}"button type="submit" class="btn btn-dark" style="background-color: orangered;font-size: large;font-weight:bold;display: flex;margin: auto;" onclick="alert("hello)").
	at grails.util.CacheEntry.getValue(CacheEntry.java:144)
	at grails.util.CacheEntry.getValue(CacheEntry.java:84)
	... 8 more
2023-06-12 18:12:17,458 [http-bio-8060-exec-16] ERROR StackTrace  - Full Stack Trace:
java.lang.RuntimeException: Error initializing GroovyPageView
	at grails.plugin.cache.web.filter.PageFragmentCachingFilter.doFilter(PageFragmentCachingFilter.java:198)
	at grails.plugin.cache.web.filter.AbstractFilter.doFilter(AbstractFilter.java:63)
	at grails.plugin.springsecurity.web.filter.GrailsAnonymousAuthenticationFilter.doFilter(GrailsAnonymousAuthenticationFilter.java:53)
	at grails.plugin.springsecurity.web.authentication.RequestHolderAuthenticationFilter.doFilter(RequestHolderAuthenticationFilter.java:53)
	at grails.plugin.springsecurity.web.authentication.logout.MutableLogoutFilter.doFilter(MutableLogoutFilter.java:62)
	at java.util.concurrent.ThreadPoolExecutor.runWorker(ThreadPoolExecutor.java:1142)
	at java.util.concurrent.ThreadPoolExecutor$Worker.run(ThreadPoolExecutor.java:617)
	at java.lang.Thread.run(Thread.java:748)
Caused by: org.codehaus.groovy.grails.web.taglib.exceptions.GrailsTagException: Expecting '=' after attribute name (name="create" class="save" value="${message(code: 'default.button.Generate Certificate.label', default: 'Generate Certificate')}"button type="submit" class="btn btn-dark" style="background-color: orangered;font-size: large;font-weight:bold;display: flex;margin: auto;" onclick="alert("hello)").
	at grails.util.CacheEntry.getValue(CacheEntry.java:144)
	at grails.util.CacheEntry.getValue(CacheEntry.java:84)
	... 8 more
2023-06-12 18:12:17,459 [http-bio-8060-exec-16] ERROR StackTrace  - Full Stack Trace:
org.codehaus.groovy.grails.web.taglib.exceptions.GrailsTagException: Expecting '=' after attribute name (name="create" class="save" value="${message(code: 'default.button.Generate Certificate.label', default: 'Generate Certificate')}"button type="submit" class="btn btn-dark" style="background-color: orangered;font-size: large;font-weight:bold;display: flex;margin: auto;" onclick="alert("hello)").
	at grails.util.CacheEntry.getValue(CacheEntry.java:144)
	at grails.util.CacheEntry.getValue(CacheEntry.java:84)
	at grails.plugin.cache.web.filter.PageFragmentCachingFilter.doFilter(PageFragmentCachingFilter.java:198)
	at grails.plugin.cache.web.filter.AbstractFilter.doFilter(AbstractFilter.java:63)
	at grails.plugin.springsecurity.web.filter.GrailsAnonymousAuthenticationFilter.doFilter(GrailsAnonymousAuthenticationFilter.java:53)
	at grails.plugin.springsecurity.web.authentication.RequestHolderAuthenticationFilter.doFilter(RequestHolderAuthenticationFilter.java:53)
	at grails.plugin.springsecurity.web.authentication.logout.MutableLogoutFilter.doFilter(MutableLogoutFilter.java:62)
	at java.util.concurrent.ThreadPoolExecutor.runWorker(ThreadPoolExecutor.java:1142)
	at java.util.concurrent.ThreadPoolExecutor$Worker.run(ThreadPoolExecutor.java:617)
	at java.lang.Thread.run(Thread.java:748)
2023-06-12 18:12:17,460 [http-bio-8060-exec-16] ERROR StackTrace  - Full Stack Trace:
java.lang.RuntimeException: Error initializing GroovyPageView
	at grails.plugin.cache.web.filter.PageFragmentCachingFilter.doFilter(PageFragmentCachingFilter.java:198)
	at grails.plugin.cache.web.filter.AbstractFilter.doFilter(AbstractFilter.java:63)
	at grails.plugin.springsecurity.web.filter.GrailsAnonymousAuthenticationFilter.doFilter(GrailsAnonymousAuthenticationFilter.java:53)
	at grails.plugin.springsecurity.web.authentication.RequestHolderAuthenticationFilter.doFilter(RequestHolderAuthenticationFilter.java:53)
	at grails.plugin.springsecurity.web.authentication.logout.MutableLogoutFilter.doFilter(MutableLogoutFilter.java:62)
	at java.util.concurrent.ThreadPoolExecutor.runWorker(ThreadPoolExecutor.java:1142)
	at java.util.concurrent.ThreadPoolExecutor$Worker.run(ThreadPoolExecutor.java:617)
	at java.lang.Thread.run(Thread.java:748)
Caused by: org.codehaus.groovy.grails.web.taglib.exceptions.GrailsTagException: Expecting '=' after attribute name (name="create" class="save" value="${message(code: 'default.button.Generate Certificate.label', default: 'Generate Certificate')}"button type="submit" class="btn btn-dark" style="background-color: orangered;font-size: large;font-weight:bold;display: flex;margin: auto;" onclick="alert("hello)").
	at grails.util.CacheEntry.getValue(CacheEntry.java:144)
	at grails.util.CacheEntry.getValue(CacheEntry.java:84)
	... 8 more
2023-06-12 18:12:17,462 [http-bio-8060-exec-16] ERROR StackTrace  - Full Stack Trace:
java.lang.RuntimeException: Error initializing GroovyPageView
	at grails.plugin.cache.web.filter.PageFragmentCachingFilter.doFilter(PageFragmentCachingFilter.java:198)
	at grails.plugin.cache.web.filter.AbstractFilter.doFilter(AbstractFilter.java:63)
	at grails.plugin.springsecurity.web.filter.GrailsAnonymousAuthenticationFilter.doFilter(GrailsAnonymousAuthenticationFilter.java:53)
	at grails.plugin.springsecurity.web.authentication.RequestHolderAuthenticationFilter.doFilter(RequestHolderAuthenticationFilter.java:53)
	at grails.plugin.springsecurity.web.authentication.logout.MutableLogoutFilter.doFilter(MutableLogoutFilter.java:62)
	at java.util.concurrent.ThreadPoolExecutor.runWorker(ThreadPoolExecutor.java:1142)
	at java.util.concurrent.ThreadPoolExecutor$Worker.run(ThreadPoolExecutor.java:617)
	at java.lang.Thread.run(Thread.java:748)
Caused by: org.codehaus.groovy.grails.web.taglib.exceptions.GrailsTagException: Expecting '=' after attribute name (name="create" class="save" value="${message(code: 'default.button.Generate Certificate.label', default: 'Generate Certificate')}"button type="submit" class="btn btn-dark" style="background-color: orangered;font-size: large;font-weight:bold;display: flex;margin: auto;" onclick="alert("hello)").
	at grails.util.CacheEntry.getValue(CacheEntry.java:144)
	at grails.util.CacheEntry.getValue(CacheEntry.java:84)
	... 8 more
2023-06-12 18:12:17,462 [http-bio-8060-exec-16] ERROR StackTrace  - Full Stack Trace:
org.codehaus.groovy.grails.web.taglib.exceptions.GrailsTagException: Expecting '=' after attribute name (name="create" class="save" value="${message(code: 'default.button.Generate Certificate.label', default: 'Generate Certificate')}"button type="submit" class="btn btn-dark" style="background-color: orangered;font-size: large;font-weight:bold;display: flex;margin: auto;" onclick="alert("hello)").
	at grails.util.CacheEntry.getValue(CacheEntry.java:144)
	at grails.util.CacheEntry.getValue(CacheEntry.java:84)
	at grails.plugin.cache.web.filter.PageFragmentCachingFilter.doFilter(PageFragmentCachingFilter.java:198)
	at grails.plugin.cache.web.filter.AbstractFilter.doFilter(AbstractFilter.java:63)
	at grails.plugin.springsecurity.web.filter.GrailsAnonymousAuthenticationFilter.doFilter(GrailsAnonymousAuthenticationFilter.java:53)
	at grails.plugin.springsecurity.web.authentication.RequestHolderAuthenticationFilter.doFilter(RequestHolderAuthenticationFilter.java:53)
	at grails.plugin.springsecurity.web.authentication.logout.MutableLogoutFilter.doFilter(MutableLogoutFilter.java:62)
	at java.util.concurrent.ThreadPoolExecutor.runWorker(ThreadPoolExecutor.java:1142)
	at java.util.concurrent.ThreadPoolExecutor$Worker.run(ThreadPoolExecutor.java:617)
	at java.lang.Thread.run(Thread.java:748)
2023-06-12 18:12:17,462 [http-bio-8060-exec-16] ERROR StackTrace  - Full Stack Trace:
java.lang.RuntimeException: Error initializing GroovyPageView
	at grails.plugin.cache.web.filter.PageFragmentCachingFilter.doFilter(PageFragmentCachingFilter.java:198)
	at grails.plugin.cache.web.filter.AbstractFilter.doFilter(AbstractFilter.java:63)
	at grails.plugin.springsecurity.web.filter.GrailsAnonymousAuthenticationFilter.doFilter(GrailsAnonymousAuthenticationFilter.java:53)
	at grails.plugin.springsecurity.web.authentication.RequestHolderAuthenticationFilter.doFilter(RequestHolderAuthenticationFilter.java:53)
	at grails.plugin.springsecurity.web.authentication.logout.MutableLogoutFilter.doFilter(MutableLogoutFilter.java:62)
	at java.util.concurrent.ThreadPoolExecutor.runWorker(ThreadPoolExecutor.java:1142)
	at java.util.concurrent.ThreadPoolExecutor$Worker.run(ThreadPoolExecutor.java:617)
	at java.lang.Thread.run(Thread.java:748)
Caused by: org.codehaus.groovy.grails.web.taglib.exceptions.GrailsTagException: Expecting '=' after attribute name (name="create" class="save" value="${message(code: 'default.button.Generate Certificate.label', default: 'Generate Certificate')}"button type="submit" class="btn btn-dark" style="background-color: orangered;font-size: large;font-weight:bold;display: flex;margin: auto;" onclick="alert("hello)").
	at grails.util.CacheEntry.getValue(CacheEntry.java:144)
	at grails.util.CacheEntry.getValue(CacheEntry.java:84)
	... 8 more
